[debug] [2021-10-20T17:54:41.499Z] ----------------------------------------------------------------------
[debug] [2021-10-20T17:54:41.502Z] Command:       C:\Program Files\nodejs\node.exe C:\Users\HASAN\AppData\Roaming\npm\node_modules\firebase-tools\lib\bin\firebase.js deploy
[debug] [2021-10-20T17:54:41.502Z] CLI Version:   9.20.0
[debug] [2021-10-20T17:54:41.503Z] Platform:      win32
[debug] [2021-10-20T17:54:41.503Z] Node Version:  v14.17.1
[debug] [2021-10-20T17:54:41.513Z] Time:          Wed Oct 20 2021 23:54:41 GMT+0600 (Bangladesh Standard Time)
[debug] [2021-10-20T17:54:41.513Z] ----------------------------------------------------------------------
[debug] 
[debug] [2021-10-20T17:54:41.603Z] > command requires scopes: ["email","openid","https://www.googleapis.com/auth/cloudplatformprojects.readonly","https://www.googleapis.com/auth/firebase","https://www.googleapis.com/auth/cloud-platform"]
[debug] [2021-10-20T17:54:41.604Z] > authorizing via signed-in user (hasanaliringku@gmail.com)
[debug] [2021-10-20T17:54:41.604Z] [iam] checking project react-firebase-authentic-45650 for permissions ["firebase.projects.get","firebasehosting.sites.update"]
[debug] [2021-10-20T17:54:41.607Z] > refreshing access token with scopes: ["email","https://www.googleapis.com/auth/cloud-platform","https://www.googleapis.com/auth/cloudplatformprojects.readonly","https://www.googleapis.com/auth/firebase","openid"]
[debug] [2021-10-20T17:54:41.607Z] >>> HTTP REQUEST POST https://www.googleapis.com/oauth2/v3/token  
 <request body omitted>
[debug] [2021-10-20T17:54:42.924Z] <<< HTTP RESPONSE 200 {"date":"Wed, 20 Oct 2021 17:54:43 GMT","expires":"Mon, 01 Jan 1990 00:00:00 GMT","cache-control":"no-cache, no-store, max-age=0, must-revalidate","pragma":"no-cache","content-type":"application/json; charset=utf-8","vary":"X-Origin, Referer, Origin,Accept-Encoding","server":"scaffolding on HTTPServer2","x-xss-protection":"0","x-frame-options":"SAMEORIGIN","x-content-type-options":"nosniff","alt-svc":"h3=\":443\"; ma=2592000,h3-29=\":443\"; ma=2592000,h3-T051=\":443\"; ma=2592000,h3-Q050=\":443\"; ma=2592000,h3-Q046=\":443\"; ma=2592000,h3-Q043=\":443\"; ma=2592000,quic=\":443\"; ma=2592000; v=\"46,43\"","accept-ranges":"none","transfer-encoding":"chunked"}
[debug] [2021-10-20T17:54:42.939Z] >>> HTTP REQUEST POST https://cloudresourcemanager.googleapis.com/v1/projects/react-firebase-authentic-45650:testIamPermissions  
 {"permissions":["firebase.projects.get","firebasehosting.sites.update"]}
[debug] [2021-10-20T17:54:46.682Z] <<< HTTP RESPONSE 200 {"content-type":"application/json; charset=UTF-8","vary":"X-Origin, Referer, Origin,Accept-Encoding","date":"Wed, 20 Oct 2021 17:54:47 GMT","server":"ESF","cache-control":"private","x-xss-protection":"0","x-frame-options":"SAMEORIGIN","x-content-type-options":"nosniff","server-timing":"gfet4t7; dur=1167","alt-svc":"h3=\":443\"; ma=2592000,h3-29=\":443\"; ma=2592000,h3-T051=\":443\"; ma=2592000,h3-Q050=\":443\"; ma=2592000,h3-Q046=\":443\"; ma=2592000,h3-Q043=\":443\"; ma=2592000,quic=\":443\"; ma=2592000; v=\"46,43\"","accept-ranges":"none","transfer-encoding":"chunked"}
[debug] [2021-10-20T17:54:46.684Z] > refreshing access token with scopes: []
[debug] [2021-10-20T17:54:46.685Z] >>> HTTP REQUEST POST https://www.googleapis.com/oauth2/v3/token  
 <request body omitted>
[debug] [2021-10-20T17:54:47.389Z] <<< HTTP RESPONSE 200 {"date":"Wed, 20 Oct 2021 17:54:48 GMT","pragma":"no-cache","cache-control":"no-cache, no-store, max-age=0, must-revalidate","expires":"Mon, 01 Jan 1990 00:00:00 GMT","content-type":"application/json; charset=utf-8","vary":"X-Origin, Referer, Origin,Accept-Encoding","server":"scaffolding on HTTPServer2","x-xss-protection":"0","x-frame-options":"SAMEORIGIN","x-content-type-options":"nosniff","alt-svc":"h3=\":443\"; ma=2592000,h3-29=\":443\"; ma=2592000,h3-T051=\":443\"; ma=2592000,h3-Q050=\":443\"; ma=2592000,h3-Q046=\":443\"; ma=2592000,h3-Q043=\":443\"; ma=2592000,quic=\":443\"; ma=2592000; v=\"46,43\"","accept-ranges":"none","transfer-encoding":"chunked"}
[debug] [2021-10-20T17:54:47.400Z] >>> [apiv2][query] GET https://firebase.googleapis.com/v1beta1/projects/react-firebase-authentic-45650 [none]
[debug] [2021-10-20T17:54:49.334Z] <<< [apiv2][status] GET https://firebase.googleapis.com/v1beta1/projects/react-firebase-authentic-45650 200
[debug] [2021-10-20T17:54:49.335Z] <<< [apiv2][body] GET https://firebase.googleapis.com/v1beta1/projects/react-firebase-authentic-45650 {"projectId":"react-firebase-authentic-45650","projectNumber":"1070911392544","displayName":"react-firebase-authentication","name":"projects/react-firebase-authentic-45650","resources":{"hostingSite":"react-firebase-authentic-45650"},"state":"ACTIVE"}
[info] 
[info] === Deploying to 'react-firebase-authentic-45650'...
[info] 
[info] i  deploying hosting 
[debug] [2021-10-20T17:54:49.343Z] > refreshing access token with scopes: ["email","https://www.googleapis.com/auth/cloud-platform","https://www.googleapis.com/auth/cloudplatformprojects.readonly","https://www.googleapis.com/auth/firebase","openid"]
[debug] [2021-10-20T17:54:49.344Z] >>> HTTP REQUEST POST https://www.googleapis.com/oauth2/v3/token  
 <request body omitted>
[debug] [2021-10-20T17:54:49.924Z] <<< HTTP RESPONSE 200 {"cache-control":"no-cache, no-store, max-age=0, must-revalidate","pragma":"no-cache","expires":"Mon, 01 Jan 1990 00:00:00 GMT","date":"Wed, 20 Oct 2021 17:54:50 GMT","content-type":"application/json; charset=utf-8","vary":"X-Origin, Referer, Origin,Accept-Encoding","server":"scaffolding on HTTPServer2","x-xss-protection":"0","x-frame-options":"SAMEORIGIN","x-content-type-options":"nosniff","alt-svc":"h3=\":443\"; ma=2592000,h3-29=\":443\"; ma=2592000,h3-T051=\":443\"; ma=2592000,h3-Q050=\":443\"; ma=2592000,h3-Q046=\":443\"; ma=2592000,h3-Q043=\":443\"; ma=2592000,quic=\":443\"; ma=2592000; v=\"46,43\"","accept-ranges":"none","transfer-encoding":"chunked"}
[debug] [2021-10-20T17:54:49.936Z] >>> HTTP REQUEST POST https://firebasehosting.googleapis.com/v1beta1/sites/react-firebase-authentic-45650/versions  
 {"config":{"rewrites":[{"glob":"!{/bower_components,/src}/**","path":"/index.html"}]},"labels":{"deployment-tool":"cli-firebase"}}
[debug] [2021-10-20T17:54:52.182Z] <<< HTTP RESPONSE 200 {"content-type":"application/json; charset=UTF-8","vary":"X-Origin, Referer, Origin,Accept-Encoding","date":"Wed, 20 Oct 2021 17:54:52 GMT","server":"ESF","cache-control":"private","x-xss-protection":"0","x-frame-options":"SAMEORIGIN","x-content-type-options":"nosniff","alt-svc":"h3=\":443\"; ma=2592000,h3-29=\":443\"; ma=2592000,h3-T051=\":443\"; ma=2592000,h3-Q050=\":443\"; ma=2592000,h3-Q046=\":443\"; ma=2592000,h3-Q043=\":443\"; ma=2592000,quic=\":443\"; ma=2592000; v=\"46,43\"","accept-ranges":"none","transfer-encoding":"chunked"}
[info] i  hosting[react-firebase-authentic-45650]: beginning deploy... 
[info] i  hosting[react-firebase-authentic-45650]: found 32 files in build 
[debug] [2021-10-20T17:54:52.536Z] > refreshing access token with scopes: []
[debug] [2021-10-20T17:54:52.536Z] >>> HTTP REQUEST POST https://www.googleapis.com/oauth2/v3/token  
 <request body omitted>
[debug] [2021-10-20T17:54:52.541Z] [hosting] hash cache [YnVpbGQ] stored for 32 files
[debug] [2021-10-20T17:54:52.541Z] [hosting][hash queue][FINAL] {"max":308,"min":11,"avg":46.96875,"active":0,"complete":32,"success":32,"errored":0,"retried":0,"total":32,"elapsed":323}
[debug] [2021-10-20T17:54:59.485Z] <<< HTTP RESPONSE 200 {"expires":"Mon, 01 Jan 1990 00:00:00 GMT","pragma":"no-cache","date":"Wed, 20 Oct 2021 17:55:00 GMT","cache-control":"no-cache, no-store, max-age=0, must-revalidate","content-type":"application/json; charset=utf-8","vary":"X-Origin, Referer, Origin,Accept-Encoding","server":"scaffolding on HTTPServer2","x-xss-protection":"0","x-frame-options":"SAMEORIGIN","x-content-type-options":"nosniff","alt-svc":"h3=\":443\"; ma=2592000,h3-29=\":443\"; ma=2592000,h3-T051=\":443\"; ma=2592000,h3-Q050=\":443\"; ma=2592000,h3-Q046=\":443\"; ma=2592000,h3-Q043=\":443\"; ma=2592000,quic=\":443\"; ma=2592000; v=\"46,43\"","accept-ranges":"none","transfer-encoding":"chunked"}
[debug] [2021-10-20T17:54:59.496Z] >>> [apiv2][query] POST https://firebasehosting.googleapis.com/v1beta1/sites/react-firebase-authentic-45650/versions/c780859181105c78:populateFiles [none]
[debug] [2021-10-20T17:54:59.497Z] >>> [apiv2][body] POST https://firebasehosting.googleapis.com/v1beta1/sites/react-firebase-authentic-45650/versions/c780859181105c78:populateFiles {"files":{"/favicon.ico":"eae62e993eb980ec8a25058c39d5a51feab118bd2100c4deebb2a9c158ec11f9","/logo192.png":"3ee59515172ee198f3be375979df15ac5345183e656720a381b8872b2a39dc8b","/logo512.png":"ee7e2f3fdb8209c4b6fd7bef6ba50d1b9dba30a25bb5c3126df057e1cb6f5331","/manifest.json":"aff3449bdc238776f5d6d967f19ec491b36aed5fb7f23ccff6500736fd58494a","/robots.txt":"bfe106a3fb878dc83461c86818bf74fc1bdc7f28538ba613cd3e775516ce8b49","/services.json":"15e39d795d25e09be1d79fc7700f05a3712329789bbfc356a468c1be064f581d","/_redirects":"05bdf8be7d3270d9e0213e1010349186f7383be4b6a8cdba71a3b06012a0aecd","/asset-manifest.json":"67acf251470cfec2a3081facee0382690f8aca09d5b0a6ae0b72502aa17254d4","/index.html":"355a20d1de4140d90ca0e1c893e0ea7526e1a6c527e8b22d45e2e1d1b09a2116","/static/css/main.c1d282af.chunk.css":"c6b4eddb7e7c76e4f82c1727c70f0301baa1a8afdf73049993b485bd58dbfd47","/static/css/main.c1d282af.chunk.css.map":"38524741e559f5806a4f6e37aba9d6a69e97b521e07af9795dfb2e3793b408c7","/static/js/2.82f26ac1.chunk.js.LICENSE.txt":"68b16697969801057d3e0deb105ae8509867a6ae2629d732d8100d885b17e4c5","/static/js/3.ec634b64.chunk.js":"1ca36a00cb26a6002b034eae07e5f4999f3cf0c208078493a428f2368c3df183","/static/js/3.ec634b64.chunk.js.map":"4b23e637e9e15d27563b2dbaf049774c839db5ce9d7cdd0bff4a83dff7b6c6ce","/static/js/runtime-main.016071b1.js":"9eb16e837e48e5906845d0da43c6f6e9bedde360ad27997ad04f0d56b75d980c","/static/js/runtime-main.016071b1.js.map":"72410b2229a0a5743eafcefae203bcae0ad4e13426e6eb0b305f7889a527d583","/static/media/doctor3.a455a2ba.jpg":"5ab2f7a6359177cda18fa7e03d0ced2cb5ddb9de854eca185e0e72d59d2216cf","/static/media/images.49ea7fe1.jpg":"d7bb57150172829847550be8e8d79dcc80637b8ffe0ba72e5a022daa67a2f854","/static/js/main.c202a8a8.chunk.js":"b0a2712b2df061eb8724b3bf7f7dcdc239caacdb8dfbd145deaefee43425f028","/static/js/main.c202a8a8.chunk.js.map":"60b25148ae461c1dceb7933016d4d5091a1646b74985d133fe1095149a3821bb","/static/media/9.b888122b.png":"a8d6cc71c68378e828881751ad8dac3dbc19938882ea9267bf08e4a050330018","/static/media/banner-img2.d78efade.jpeg":"cc2f43f6e9c78f2775b393d956ee3201725b99167e66f7b6a4da4973a920ee8c","/static/media/contact-bg.65ac3207.jpg":"2e83efcecaf8cdbf7d7eb0049adf66f56a54e977346b258a58acdacad87ad281","/static/css/2.c1256375.chunk.css":"8acb4e081ecdb0935bf3d2f5e7464f0688948372639174fd7cdc40f5db24bb77","/static/media/doctor2.cbe1a362.jpg":"9522b8cb2cd2b47cca7baf3d319d84ba80d84da0cee964fa093214ece5d002c4","/static/media/contact-right.0aa02c06.jpg":"3c9175f86a0c3ce0661f517b763557d96deb86ef1d622c2c797adc2665084386","/static/media/banner-images.43be9204.png":"76babaa24d9cf932636dbe67576d3fe8ee9629ba1a44c084b513a95928da0147","/static/media/doctor3-removebg-preview.949e231c.png":"bfa642746c5a461c038f8ec17e1e71b9040590f66fcfa59e9a052d630b46c782","/static/media/notfound.e455431d.png":"9a375f7e8bfd87e6c375276e48c128799ec7e00d65bc2fdb32990a94ac4c8cbd","/static/js/2.82f26ac1.chunk.js":"707d26dd42ca6b98e2384df4d203c34f888c32b053153cc314da6507a4ffa931","/static/css/2.c1256375.chunk.css.map":"5a1d7d871e2c5292e4d32d75371cb1b3fe971eaf6ebf47d38c9c730496e51f38","/static/js/2.82f26ac1.chunk.js.map":"b107ec6c800d1886a653a88bfcf612049d328705d0863f2b2691aaec0658fc66"}}
[debug] [2021-10-20T17:55:02.139Z] <<< [apiv2][status] POST https://firebasehosting.googleapis.com/v1beta1/sites/react-firebase-authentic-45650/versions/c780859181105c78:populateFiles 200
[debug] [2021-10-20T17:55:02.139Z] <<< [apiv2][body] POST https://firebasehosting.googleapis.com/v1beta1/sites/react-firebase-authentic-45650/versions/c780859181105c78:populateFiles {"uploadRequiredHashes":["c6b4eddb7e7c76e4f82c1727c70f0301baa1a8afdf73049993b485bd58dbfd47","72410b2229a0a5743eafcefae203bcae0ad4e13426e6eb0b305f7889a527d583","38524741e559f5806a4f6e37aba9d6a69e97b521e07af9795dfb2e3793b408c7","707d26dd42ca6b98e2384df4d203c34f888c32b053153cc314da6507a4ffa931","355a20d1de4140d90ca0e1c893e0ea7526e1a6c527e8b22d45e2e1d1b09a2116","9eb16e837e48e5906845d0da43c6f6e9bedde360ad27997ad04f0d56b75d980c","b107ec6c800d1886a653a88bfcf612049d328705d0863f2b2691aaec0658fc66","1ca36a00cb26a6002b034eae07e5f4999f3cf0c208078493a428f2368c3df183","4b23e637e9e15d27563b2dbaf049774c839db5ce9d7cdd0bff4a83dff7b6c6ce","60b25148ae461c1dceb7933016d4d5091a1646b74985d133fe1095149a3821bb","b0a2712b2df061eb8724b3bf7f7dcdc239caacdb8dfbd145deaefee43425f028","67acf251470cfec2a3081facee0382690f8aca09d5b0a6ae0b72502aa17254d4"],"uploadUrl":"https://upload-firebasehosting.googleapis.com/upload/sites/react-firebase-authentic-45650/versions/c780859181105c78/files"}
[debug] [2021-10-20T17:55:02.145Z] >>> [apiv2][query] POST https://upload-firebasehosting.googleapis.com/upload/sites/react-firebase-authentic-45650/versions/c780859181105c78/files/c6b4eddb7e7c76e4f82c1727c70f0301baa1a8afdf73049993b485bd58dbfd47 [none]
[debug] [2021-10-20T17:55:02.145Z] >>> [apiv2][body] POST https://upload-firebasehosting.googleapis.com/upload/sites/react-firebase-authentic-45650/versions/c780859181105c78/files/c6b4eddb7e7c76e4f82c1727c70f0301baa1a8afdf73049993b485bd58dbfd47 [stream]
[debug] [2021-10-20T17:55:02.148Z] >>> [apiv2][query] POST https://upload-firebasehosting.googleapis.com/upload/sites/react-firebase-authentic-45650/versions/c780859181105c78/files/72410b2229a0a5743eafcefae203bcae0ad4e13426e6eb0b305f7889a527d583 [none]
[debug] [2021-10-20T17:55:02.148Z] >>> [apiv2][body] POST https://upload-firebasehosting.googleapis.com/upload/sites/react-firebase-authentic-45650/versions/c780859181105c78/files/72410b2229a0a5743eafcefae203bcae0ad4e13426e6eb0b305f7889a527d583 [stream]
[debug] [2021-10-20T17:55:02.150Z] >>> [apiv2][query] POST https://upload-firebasehosting.googleapis.com/upload/sites/react-firebase-authentic-45650/versions/c780859181105c78/files/38524741e559f5806a4f6e37aba9d6a69e97b521e07af9795dfb2e3793b408c7 [none]
[debug] [2021-10-20T17:55:02.150Z] >>> [apiv2][body] POST https://upload-firebasehosting.googleapis.com/upload/sites/react-firebase-authentic-45650/versions/c780859181105c78/files/38524741e559f5806a4f6e37aba9d6a69e97b521e07af9795dfb2e3793b408c7 [stream]
[debug] [2021-10-20T17:55:02.153Z] >>> [apiv2][query] POST https://upload-firebasehosting.googleapis.com/upload/sites/react-firebase-authentic-45650/versions/c780859181105c78/files/707d26dd42ca6b98e2384df4d203c34f888c32b053153cc314da6507a4ffa931 [none]
[debug] [2021-10-20T17:55:02.153Z] >>> [apiv2][body] POST https://upload-firebasehosting.googleapis.com/upload/sites/react-firebase-authentic-45650/versions/c780859181105c78/files/707d26dd42ca6b98e2384df4d203c34f888c32b053153cc314da6507a4ffa931 [stream]
[debug] [2021-10-20T17:55:02.158Z] >>> [apiv2][query] POST https://upload-firebasehosting.googleapis.com/upload/sites/react-firebase-authentic-45650/versions/c780859181105c78/files/355a20d1de4140d90ca0e1c893e0ea7526e1a6c527e8b22d45e2e1d1b09a2116 [none]
[debug] [2021-10-20T17:55:02.158Z] >>> [apiv2][body] POST https://upload-firebasehosting.googleapis.com/upload/sites/react-firebase-authentic-45650/versions/c780859181105c78/files/355a20d1de4140d90ca0e1c893e0ea7526e1a6c527e8b22d45e2e1d1b09a2116 [stream]
[debug] [2021-10-20T17:55:02.164Z] >>> [apiv2][query] POST https://upload-firebasehosting.googleapis.com/upload/sites/react-firebase-authentic-45650/versions/c780859181105c78/files/9eb16e837e48e5906845d0da43c6f6e9bedde360ad27997ad04f0d56b75d980c [none]
[debug] [2021-10-20T17:55:02.164Z] >>> [apiv2][body] POST https://upload-firebasehosting.googleapis.com/upload/sites/react-firebase-authentic-45650/versions/c780859181105c78/files/9eb16e837e48e5906845d0da43c6f6e9bedde360ad27997ad04f0d56b75d980c [stream]
[debug] [2021-10-20T17:55:02.166Z] >>> [apiv2][query] POST https://upload-firebasehosting.googleapis.com/upload/sites/react-firebase-authentic-45650/versions/c780859181105c78/files/b107ec6c800d1886a653a88bfcf612049d328705d0863f2b2691aaec0658fc66 [none]
[debug] [2021-10-20T17:55:02.166Z] >>> [apiv2][body] POST https://upload-firebasehosting.googleapis.com/upload/sites/react-firebase-authentic-45650/versions/c780859181105c78/files/b107ec6c800d1886a653a88bfcf612049d328705d0863f2b2691aaec0658fc66 [stream]
[debug] [2021-10-20T17:55:02.168Z] >>> [apiv2][query] POST https://upload-firebasehosting.googleapis.com/upload/sites/react-firebase-authentic-45650/versions/c780859181105c78/files/1ca36a00cb26a6002b034eae07e5f4999f3cf0c208078493a428f2368c3df183 [none]
[debug] [2021-10-20T17:55:02.168Z] >>> [apiv2][body] POST https://upload-firebasehosting.googleapis.com/upload/sites/react-firebase-authentic-45650/versions/c780859181105c78/files/1ca36a00cb26a6002b034eae07e5f4999f3cf0c208078493a428f2368c3df183 [stream]
[debug] [2021-10-20T17:55:02.170Z] >>> [apiv2][query] POST https://upload-firebasehosting.googleapis.com/upload/sites/react-firebase-authentic-45650/versions/c780859181105c78/files/4b23e637e9e15d27563b2dbaf049774c839db5ce9d7cdd0bff4a83dff7b6c6ce [none]
[debug] [2021-10-20T17:55:02.170Z] >>> [apiv2][body] POST https://upload-firebasehosting.googleapis.com/upload/sites/react-firebase-authentic-45650/versions/c780859181105c78/files/4b23e637e9e15d27563b2dbaf049774c839db5ce9d7cdd0bff4a83dff7b6c6ce [stream]
[debug] [2021-10-20T17:55:02.171Z] >>> [apiv2][query] POST https://upload-firebasehosting.googleapis.com/upload/sites/react-firebase-authentic-45650/versions/c780859181105c78/files/60b25148ae461c1dceb7933016d4d5091a1646b74985d133fe1095149a3821bb [none]
[debug] [2021-10-20T17:55:02.171Z] >>> [apiv2][body] POST https://upload-firebasehosting.googleapis.com/upload/sites/react-firebase-authentic-45650/versions/c780859181105c78/files/60b25148ae461c1dceb7933016d4d5091a1646b74985d133fe1095149a3821bb [stream]
[debug] [2021-10-20T17:55:02.173Z] >>> [apiv2][query] POST https://upload-firebasehosting.googleapis.com/upload/sites/react-firebase-authentic-45650/versions/c780859181105c78/files/b0a2712b2df061eb8724b3bf7f7dcdc239caacdb8dfbd145deaefee43425f028 [none]
[debug] [2021-10-20T17:55:02.173Z] >>> [apiv2][body] POST https://upload-firebasehosting.googleapis.com/upload/sites/react-firebase-authentic-45650/versions/c780859181105c78/files/b0a2712b2df061eb8724b3bf7f7dcdc239caacdb8dfbd145deaefee43425f028 [stream]
[debug] [2021-10-20T17:55:02.175Z] >>> [apiv2][query] POST https://upload-firebasehosting.googleapis.com/upload/sites/react-firebase-authentic-45650/versions/c780859181105c78/files/67acf251470cfec2a3081facee0382690f8aca09d5b0a6ae0b72502aa17254d4 [none]
[debug] [2021-10-20T17:55:02.175Z] >>> [apiv2][body] POST https://upload-firebasehosting.googleapis.com/upload/sites/react-firebase-authentic-45650/versions/c780859181105c78/files/67acf251470cfec2a3081facee0382690f8aca09d5b0a6ae0b72502aa17254d4 [stream]
[debug] [2021-10-20T17:55:02.180Z] [hosting][populate queue][FINAL] {"max":9608,"min":9608,"avg":9608,"active":0,"complete":1,"success":1,"errored":0,"retried":0,"total":1,"elapsed":9644}
[debug] [2021-10-20T17:55:02.180Z] [hosting] uploads queued: 12
[debug] [2021-10-20T17:55:04.833Z] <<< [apiv2][status] POST https://upload-firebasehosting.googleapis.com/upload/sites/react-firebase-authentic-45650/versions/c780859181105c78/files/c6b4eddb7e7c76e4f82c1727c70f0301baa1a8afdf73049993b485bd58dbfd47 200
[debug] [2021-10-20T17:55:04.833Z] <<< [apiv2][body] POST https://upload-firebasehosting.googleapis.com/upload/sites/react-firebase-authentic-45650/versions/c780859181105c78/files/c6b4eddb7e7c76e4f82c1727c70f0301baa1a8afdf73049993b485bd58dbfd47 [stream]
[debug] [2021-10-20T17:55:05.382Z] <<< [apiv2][status] POST https://upload-firebasehosting.googleapis.com/upload/sites/react-firebase-authentic-45650/versions/c780859181105c78/files/38524741e559f5806a4f6e37aba9d6a69e97b521e07af9795dfb2e3793b408c7 200
[debug] [2021-10-20T17:55:05.382Z] <<< [apiv2][body] POST https://upload-firebasehosting.googleapis.com/upload/sites/react-firebase-authentic-45650/versions/c780859181105c78/files/38524741e559f5806a4f6e37aba9d6a69e97b521e07af9795dfb2e3793b408c7 [stream]
[debug] [2021-10-20T17:55:07.327Z] <<< [apiv2][status] POST https://upload-firebasehosting.googleapis.com/upload/sites/react-firebase-authentic-45650/versions/c780859181105c78/files/355a20d1de4140d90ca0e1c893e0ea7526e1a6c527e8b22d45e2e1d1b09a2116 200
[debug] [2021-10-20T17:55:07.329Z] <<< [apiv2][body] POST https://upload-firebasehosting.googleapis.com/upload/sites/react-firebase-authentic-45650/versions/c780859181105c78/files/355a20d1de4140d90ca0e1c893e0ea7526e1a6c527e8b22d45e2e1d1b09a2116 [stream]
[debug] [2021-10-20T17:55:07.757Z] <<< [apiv2][status] POST https://upload-firebasehosting.googleapis.com/upload/sites/react-firebase-authentic-45650/versions/c780859181105c78/files/4b23e637e9e15d27563b2dbaf049774c839db5ce9d7cdd0bff4a83dff7b6c6ce 200
[debug] [2021-10-20T17:55:07.758Z] <<< [apiv2][body] POST https://upload-firebasehosting.googleapis.com/upload/sites/react-firebase-authentic-45650/versions/c780859181105c78/files/4b23e637e9e15d27563b2dbaf049774c839db5ce9d7cdd0bff4a83dff7b6c6ce [stream]
[debug] [2021-10-20T17:55:10.295Z] <<< [apiv2][status] POST https://upload-firebasehosting.googleapis.com/upload/sites/react-firebase-authentic-45650/versions/c780859181105c78/files/9eb16e837e48e5906845d0da43c6f6e9bedde360ad27997ad04f0d56b75d980c 200
[debug] [2021-10-20T17:55:10.295Z] <<< [apiv2][body] POST https://upload-firebasehosting.googleapis.com/upload/sites/react-firebase-authentic-45650/versions/c780859181105c78/files/9eb16e837e48e5906845d0da43c6f6e9bedde360ad27997ad04f0d56b75d980c [stream]
[debug] [2021-10-20T17:55:10.332Z] <<< [apiv2][status] POST https://upload-firebasehosting.googleapis.com/upload/sites/react-firebase-authentic-45650/versions/c780859181105c78/files/72410b2229a0a5743eafcefae203bcae0ad4e13426e6eb0b305f7889a527d583 200
[debug] [2021-10-20T17:55:10.333Z] <<< [apiv2][body] POST https://upload-firebasehosting.googleapis.com/upload/sites/react-firebase-authentic-45650/versions/c780859181105c78/files/72410b2229a0a5743eafcefae203bcae0ad4e13426e6eb0b305f7889a527d583 [stream]
[debug] [2021-10-20T17:55:12.363Z] <<< [apiv2][status] POST https://upload-firebasehosting.googleapis.com/upload/sites/react-firebase-authentic-45650/versions/c780859181105c78/files/67acf251470cfec2a3081facee0382690f8aca09d5b0a6ae0b72502aa17254d4 200
[debug] [2021-10-20T17:55:12.363Z] <<< [apiv2][body] POST https://upload-firebasehosting.googleapis.com/upload/sites/react-firebase-authentic-45650/versions/c780859181105c78/files/67acf251470cfec2a3081facee0382690f8aca09d5b0a6ae0b72502aa17254d4 [stream]
[debug] [2021-10-20T17:55:12.511Z] <<< [apiv2][status] POST https://upload-firebasehosting.googleapis.com/upload/sites/react-firebase-authentic-45650/versions/c780859181105c78/files/1ca36a00cb26a6002b034eae07e5f4999f3cf0c208078493a428f2368c3df183 200
[debug] [2021-10-20T17:55:12.511Z] <<< [apiv2][body] POST https://upload-firebasehosting.googleapis.com/upload/sites/react-firebase-authentic-45650/versions/c780859181105c78/files/1ca36a00cb26a6002b034eae07e5f4999f3cf0c208078493a428f2368c3df183 [stream]
[debug] [2021-10-20T17:55:15.283Z] <<< [apiv2][status] POST https://upload-firebasehosting.googleapis.com/upload/sites/react-firebase-authentic-45650/versions/c780859181105c78/files/b0a2712b2df061eb8724b3bf7f7dcdc239caacdb8dfbd145deaefee43425f028 200
[debug] [2021-10-20T17:55:15.283Z] <<< [apiv2][body] POST https://upload-firebasehosting.googleapis.com/upload/sites/react-firebase-authentic-45650/versions/c780859181105c78/files/b0a2712b2df061eb8724b3bf7f7dcdc239caacdb8dfbd145deaefee43425f028 [stream]
[debug] [2021-10-20T17:55:19.092Z] <<< [apiv2][status] POST https://upload-firebasehosting.googleapis.com/upload/sites/react-firebase-authentic-45650/versions/c780859181105c78/files/707d26dd42ca6b98e2384df4d203c34f888c32b053153cc314da6507a4ffa931 200
[debug] [2021-10-20T17:55:19.092Z] <<< [apiv2][body] POST https://upload-firebasehosting.googleapis.com/upload/sites/react-firebase-authentic-45650/versions/c780859181105c78/files/707d26dd42ca6b98e2384df4d203c34f888c32b053153cc314da6507a4ffa931 [stream]
[debug] [2021-10-20T17:55:20.042Z] <<< [apiv2][status] POST https://upload-firebasehosting.googleapis.com/upload/sites/react-firebase-authentic-45650/versions/c780859181105c78/files/60b25148ae461c1dceb7933016d4d5091a1646b74985d133fe1095149a3821bb 200
[debug] [2021-10-20T17:55:20.042Z] <<< [apiv2][body] POST https://upload-firebasehosting.googleapis.com/upload/sites/react-firebase-authentic-45650/versions/c780859181105c78/files/60b25148ae461c1dceb7933016d4d5091a1646b74985d133fe1095149a3821bb [stream]
[debug] [2021-10-20T17:55:32.557Z] [uploadQueue] Retrying task b107ec6c800d1886a653a88bfcf612049d328705d0863f2b2691aaec0658fc66
[debug] [2021-10-20T17:55:32.558Z] >>> [apiv2][query] POST https://upload-firebasehosting.googleapis.com/upload/sites/react-firebase-authentic-45650/versions/c780859181105c78/files/b107ec6c800d1886a653a88bfcf612049d328705d0863f2b2691aaec0658fc66 [none]
[debug] [2021-10-20T17:55:32.558Z] >>> [apiv2][body] POST https://upload-firebasehosting.googleapis.com/upload/sites/react-firebase-authentic-45650/versions/c780859181105c78/files/b107ec6c800d1886a653a88bfcf612049d328705d0863f2b2691aaec0658fc66 [stream]
